<?xml version="1.0" encoding="UTF-8"?>
<!-- Generated by org.testng.reporters.JUnitXMLReporter -->
<testsuite ignored="0" hostname="7dcca92742785d8" failures="0" tests="3" name="Default test" time="6.014" errors="0" timestamp="2024-12-18T20:21:05 IST">
  <testcase classname="APITesting.APItest" name="testgetrequest" time="3.133"/>
  <testcase classname="APITesting.APItest" name="testgetrequest" time="1.528"/>
  <testcase classname="APITesting.APItest" name="testgetrequest" time="0.649"/>
</testsuite> <!-- Default test -->
