<?xml version="1.0" encoding="UTF-8"?>
<testsuite xmlns:xsi="http://www.w3.org/2001/XMLSchema-instance" xsi:noNamespaceSchemaLocation="https://maven.apache.org/surefire/maven-surefire-plugin/xsd/surefire-test-report-3.0.xsd" version="3.0" name="TestSuite" time="1.386" tests="1" errors="0" skipped="0" failures="1">
  <properties>
[...]
</properties>
  <testcase name="runScenario[&quot;Verify the title,navigate back to home page ,drop down and frame links&quot;, &quot;Test the functionalities of the-internet.herokuapp.com&quot;](1)" classname="runner.TestRunner" time="0.126">
    <failure message="The step &apos;Launch the given URL &quot;http://the-internet.herokuapp.com/&quot;&apos; and 10 other step(s) are undefined.&#10;You can implement these steps using the snippet(s) below:&#10;&#10;@Given(&quot;Launch the given URL {string}&quot;)&#10;public void launch_the_given_url(String string) {&#10;    // Write code here that turns the phrase above into concrete actions&#10;    throw new io.cucumber.java.PendingException();&#10;}&#10;@Then(&quot;Verify the title of the page {string}&quot;)&#10;public void verify_the_title_of_the_page(String string) {&#10;    // Write code here that turns the phrase above into concrete actions&#10;    throw new io.cucumber.java.PendingException();&#10;}&#10;@When(&quot;clicking on the {string} link&quot;)&#10;public void clicking_on_the_link(String string) {&#10;    // Write code here that turns the phrase above into concrete actions&#10;    throw new io.cucumber.java.PendingException();&#10;}&#10;@Then(&quot;verify the text on the page as {string}&quot;)&#10;public void verify_the_text_on_the_page_as(String string) {&#10;    // Write code here that turns the phrase above into concrete actions&#10;    throw new io.cucumber.java.PendingException();&#10;}&#10;@When(&quot;Navigate back to Home page&quot;)&#10;public void navigate_back_to_home_page() {&#10;    // Write code here that turns the phrase above into concrete actions&#10;    throw new io.cucumber.java.PendingException();&#10;}&#10;@Then(&quot;Select {string} value form drop down&quot;)&#10;public void select_value_form_drop_down(String string) {&#10;    // Write code here that turns the phrase above into concrete actions&#10;    throw new io.cucumber.java.PendingException();&#10;}&#10;@Then(&quot;verify {string} is selected&quot;)&#10;public void verify_is_selected(String string) {&#10;    // Write code here that turns the phrase above into concrete actions&#10;    throw new io.cucumber.java.PendingException();&#10;}&#10;@Then(&quot;Verify the below hyperlinks are presented on the Frames Page&quot;)&#10;public void verify_the_below_hyperlinks_are_presented_on_the_frames_page(io.cucumber.datatable.DataTable dataTable) {&#10;    // Write code here that turns the phrase above into concrete actions&#10;    // For automatic transformation, change DataTable to one of&#10;    // E, List&lt;E&gt;, List&lt;List&lt;E&gt;&gt;, List&lt;Map&lt;K,V&gt;&gt;, Map&lt;K,V&gt; or&#10;    // Map&lt;K, List&lt;V&gt;&gt;. E,K,V must be a String, Integer, Float,&#10;    // Double, Byte, Short, Long, BigInteger or BigDecimal.&#10;    //&#10;    // For other transformations you can register a DataTableType.&#10;    throw new io.cucumber.java.PendingException();&#10;}&#10;" type="io.cucumber.testng.UndefinedStepException"><![CDATA[io.cucumber.testng.UndefinedStepException: 
The step 'Launch the given URL "http://the-internet.herokuapp.com/"' and 10 other step(s) are undefined.
You can implement these steps using the snippet(s) below:

@Given("Launch the given URL {string}")
public void launch_the_given_url(String string) {
    // Write code here that turns the phrase above into concrete actions
    throw new io.cucumber.java.PendingException();
}
@Then("Verify the title of the page {string}")
public void verify_the_title_of_the_page(String string) {
    // Write code here that turns the phrase above into concrete actions
    throw new io.cucumber.java.PendingException();
}
@When("clicking on the {string} link")
public void clicking_on_the_link(String string) {
    // Write code here that turns the phrase above into concrete actions
    throw new io.cucumber.java.PendingException();
}
@Then("verify the text on the page as {string}")
public void verify_the_text_on_the_page_as(String string) {
    // Write code here that turns the phrase above into concrete actions
    throw new io.cucumber.java.PendingException();
}
@When("Navigate back to Home page")
public void navigate_back_to_home_page() {
    // Write code here that turns the phrase above into concrete actions
    throw new io.cucumber.java.PendingException();
}
@Then("Select {string} value form drop down")
public void select_value_form_drop_down(String string) {
    // Write code here that turns the phrase above into concrete actions
    throw new io.cucumber.java.PendingException();
}
@Then("verify {string} is selected")
public void verify_is_selected(String string) {
    // Write code here that turns the phrase above into concrete actions
    throw new io.cucumber.java.PendingException();
}
@Then("Verify the below hyperlinks are presented on the Frames Page")
public void verify_the_below_hyperlinks_are_presented_on_the_frames_page(io.cucumber.datatable.DataTable dataTable) {
    // Write code here that turns the phrase above into concrete actions
    // For automatic transformation, change DataTable to one of
    // E, List<E>, List<List<E>>, List<Map<K,V>>, Map<K,V> or
    // Map<K, List<V>>. E,K,V must be a String, Integer, Float,
    // Double, Byte, Short, Long, BigInteger or BigDecimal.
    //
    // For other transformations you can register a DataTableType.
    throw new io.cucumber.java.PendingException();
}

]]></failure>
    <system-out><![CDATA[15:28:45.227 [main] DEBUG org.testng.TestNG -- suiteXmlPath: "C:\eclipse-workspace\Selinium_Cucumber\testng.xml"

@tag @tag1
Scenario: Verify the title,navigate back to home page ,drop down and frame links &amp#27;[90m# src/test/java/resource/testing.feature:5&amp#27;[0m
  &amp#27;[33mGiven &amp#27;[0m&amp#27;[33mLaunch the given URL "http://the-internet.herokuapp.com/"&amp#27;[0m
  &amp#27;[36mThen &amp#27;[0m&amp#27;[36mVerify the title of the page "The Internet"&amp#27;[0m
  &amp#27;[36mWhen &amp#27;[0m&amp#27;[36mclicking on the "A/B Testing" link&amp#27;[0m
  &amp#27;[36mThen &amp#27;[0m&amp#27;[36mverify the text on the page as "A/B Test Variation 1"&amp#27;[0m
  &amp#27;[36mWhen &amp#27;[0m&amp#27;[36mNavigate back to Home page&amp#27;[0m
  &amp#27;[36mAnd &amp#27;[0m&amp#27;[36mclicking on the "Dropdown" link&amp#27;[0m
  &amp#27;[36mThen &amp#27;[0m&amp#27;[36mSelect "Option 1" value form drop down&amp#27;[0m
  &amp#27;[36mAnd &amp#27;[0m&amp#27;[36mverify "Option 1" is selected&amp#27;[0m
  &amp#27;[36mWhen &amp#27;[0m&amp#27;[36mNavigate back to Home page&amp#27;[0m
  &amp#27;[36mAnd &amp#27;[0m&amp#27;[36mclicking on the "Frames" link&amp#27;[0m
  &amp#27;[36mThen &amp#27;[0m&amp#27;[36mVerify the below hyperlinks are presented on the Frames Page&amp#27;[0m
    | Nested Frames |
    | iFrame        |
]]></system-out>
  </testcase>
</testsuite>