-------------------------------------------------------------------------------
Test set: TestSuite
-------------------------------------------------------------------------------
Tests run: 1, Failures: 1, Errors: 0, Skipped: 0, Time elapsed: 1.386 s <<< FAILURE! - in TestSuite
runner.TestRunner.runScenario["Verify the title,navigate back to home page ,drop down and frame links", "Test the functionalities of the-internet.herokuapp.com"](1)  Time elapsed: 0.126 s  <<< FAILURE!
io.cucumber.testng.UndefinedStepException: 
The step 'Launch the given URL "http://the-internet.herokuapp.com/"' and 10 other step(s) are undefined.
You can implement these steps using the snippet(s) below:

@Given("Launch the given URL {string}")
public void launch_the_given_url(String string) {
    // Write code here that turns the phrase above into concrete actions
    throw new io.cucumber.java.PendingException();
}
@Then("Verify the title of the page {string}")
public void verify_the_title_of_the_page(String string) {
    // Write code here that turns the phrase above into concrete actions
    throw new io.cucumber.java.PendingException();
}
@When("clicking on the {string} link")
public void clicking_on_the_link(String string) {
    // Write code here that turns the phrase above into concrete actions
    throw new io.cucumber.java.PendingException();
}
@Then("verify the text on the page as {string}")
public void verify_the_text_on_the_page_as(String string) {
    // Write code here that turns the phrase above into concrete actions
    throw new io.cucumber.java.PendingException();
}
@When("Navigate back to Home page")
public void navigate_back_to_home_page() {
    // Write code here that turns the phrase above into concrete actions
    throw new io.cucumber.java.PendingException();
}
@Then("Select {string} value form drop down")
public void select_value_form_drop_down(String string) {
    // Write code here that turns the phrase above into concrete actions
    throw new io.cucumber.java.PendingException();
}
@Then("verify {string} is selected")
public void verify_is_selected(String string) {
    // Write code here that turns the phrase above into concrete actions
    throw new io.cucumber.java.PendingException();
}
@Then("Verify the below hyperlinks are presented on the Frames Page")
public void verify_the_below_hyperlinks_are_presented_on_the_frames_page(io.cucumber.datatable.DataTable dataTable) {
    // Write code here that turns the phrase above into concrete actions
    // For automatic transformation, change DataTable to one of
    // E, List<E>, List<List<E>>, List<Map<K,V>>, Map<K,V> or
    // Map<K, List<V>>. E,K,V must be a String, Integer, Float,
    // Double, Byte, Short, Long, BigInteger or BigDecimal.
    //
    // For other transformations you can register a DataTableType.
    throw new io.cucumber.java.PendingException();
}


