<?xml version="1.0" encoding="UTF-8"?>
<testng-results ignored="0" total="1" passed="1" failed="0" skipped="0">
  <reporter-output>
  </reporter-output>
  <suite started-at="2024-12-18T20:22:23 IST" name="BDD Tests Suite" finished-at="2024-12-18T20:22:30 IST" duration-ms="7842">
    <groups>
      <group name="cucumber">
        <method signature="AbstractTestNGCucumberTests.runScenario(io.cucumber.testng.PickleWrapper,io.cucumber.testng.FeatureWrapper)[pri:0, instance:runner.TestRunner@37d4349f]" name="runScenario" class="io.cucumber.testng.AbstractTestNGCucumberTests"/>
      </group> <!-- cucumber -->
    </groups>
    <test started-at="2024-12-18T20:22:23 IST" name="Cucumber BDD Tests" finished-at="2024-12-18T20:22:30 IST" duration-ms="7842">
      <class name="runner.TestRunner">
        <test-method is-config="true" signature="setUpClass(org.testng.ITestContext)[pri:0, instance:runner.TestRunner@37d4349f]" started-at="2024-12-18T20:22:23 IST" name="setUpClass" finished-at="2024-12-18T20:22:23 IST" duration-ms="558" status="PASS">
          <params>
            <param index="0">
              <value>
                <![CDATA[org.testng.TestRunner@37303f12]]>
              </value>
            </param>
          </params>
          <reporter-output>
          </reporter-output>
        </test-method> <!-- setUpClass -->
        <test-method signature="runScenario(io.cucumber.testng.PickleWrapper,io.cucumber.testng.FeatureWrapper)[pri:0, instance:runner.TestRunner@37d4349f]" started-at="2024-12-18T20:22:23 IST" name="runScenario" description="Runs Cucumber Scenarios" data-provider="scenarios" finished-at="2024-12-18T20:22:30 IST" duration-ms="7213" status="PASS">
          <params>
            <param index="0">
              <value>
                <![CDATA["Verify the title,navigate back to home page ,drop down and frame links"]]>
              </value>
            </param>
            <param index="1">
              <value>
                <![CDATA["Test the functionalities of the-internet.herokuapp.com"]]>
              </value>
            </param>
          </params>
          <reporter-output>
          </reporter-output>
        </test-method> <!-- runScenario -->
        <test-method is-config="true" signature="tearDownClass()[pri:0, instance:runner.TestRunner@37d4349f]" started-at="2024-12-18T20:22:30 IST" name="tearDownClass" finished-at="2024-12-18T20:22:30 IST" duration-ms="29" status="PASS">
          <reporter-output>
          </reporter-output>
        </test-method> <!-- tearDownClass -->
      </class> <!-- runner.TestRunner -->
    </test> <!-- Cucumber BDD Tests -->
  </suite> <!-- BDD Tests Suite -->
</testng-results>
